==== Deployment started at 2025-07-07T21:39:15+00:00 ====
Reading package lists...
Building dependency tree...
Reading state information...
python3 is already the newest version (3.8.2-0ubuntu2).
0 upgraded, 0 newly installed, 0 to remove and 36 not upgraded.
PM2 OK
Collecting pip
  Downloading pip-25.0.1-py3-none-any.whl (1.8 MB)
Installing collected packages: pip
  Attempting uninstall: pip
    Found existing installation: pip 20.0.2
    Uninstalling pip-20.0.2:
      Successfully uninstalled pip-20.0.2
Successfully installed pip-25.0.1
ERROR: Could not find a version that satisfies the requirement MetaTrader5==5.0.37 (from versions: none)
ERROR: No matching distribution found for MetaTrader5==5.0.37
[ERROR] Deployment failed at line 25. See deploy.log for details.
==== Deployment started at 2025-07-07T21:44:05+00:00 ====
Reading package lists...
Building dependency tree...
Reading state information...
python3 is already the newest version (3.8.2-0ubuntu2).
0 upgraded, 0 newly installed, 0 to remove and 36 not upgraded.
PM2 OK
Requirement already satisfied: pip in ./.venv/lib/python3.8/site-packages (25.0.1)
ERROR: Could not find a version that satisfies the requirement MetaTrader5==5.0.37 (from versions: none)
ERROR: No matching distribution found for MetaTrader5==5.0.37
[ERROR] Deployment failed at line 25. See deploy.log for details.
==== Deployment started at 2025-07-07T23:25:52+00:00 ====
Reading package lists...
Building dependency tree...
Reading state information...
python3 is already the newest version (3.8.2-0ubuntu2).
0 upgraded, 0 newly installed, 0 to remove and 36 not upgraded.
PM2 OK
Requirement already satisfied: pip in ./.venv/lib/python3.8/site-packages (25.0.1)
ERROR: Could not find a version that satisfies the requirement MetaTrader5==5.0.37 (from versions: none)
ERROR: No matching distribution found for MetaTrader5==5.0.37
[ERROR] Deployment failed at line 25. See deploy.log for details.
